[debug] [2026-05-26T00:11:26.430Z] ----------------------------------------------------------------------
[debug] [2026-05-26T00:11:26.431Z] Command:       C:\Program Files\nodejs\node.exe C:\Users\aimee\AppData\Roaming\npm\node_modules\firebase-tools\lib\bin\firebase.js init hosting
[debug] [2026-05-26T00:11:26.432Z] CLI Version:   15.9.0
[debug] [2026-05-26T00:11:26.432Z] Platform:      win32
[debug] [2026-05-26T00:11:26.432Z] Node Version:  v24.11.0
[debug] [2026-05-26T00:11:26.432Z] Time:          Mon May 25 2026 17:11:26 GMT-0700 (Pacific Daylight Time)
[debug] [2026-05-26T00:11:26.432Z] ----------------------------------------------------------------------
[debug] 
[info] 
     ######## #### ########  ######## ########     ###     ######  ########
     ##        ##  ##     ## ##       ##     ##  ##   ##  ##       ##
     ######    ##  ########  ######   ########  #########  ######  ######
     ##        ##  ##    ##  ##       ##     ## ##     ##       ## ##
     ##       #### ##     ## ######## ########  ##     ##  ######  ########

You're about to initialize a Firebase project in this directory:

  C:\Projects Class Sprin 2026\homebakes\home-bakes

Before we get started, keep in mind:

  * You are currently outside your home directory

[info] 
=== Project Setup
[info] 
[info] First, let's associate this project directory with a Firebase project.
[info] You can create multiple project aliases by running firebase use --add, 
[info] 
[debug] [2026-05-26T00:12:05.162Z] > command requires scopes: ["email","openid","https://www.googleapis.com/auth/cloudplatformprojects.readonly","https://www.googleapis.com/auth/firebase","https://www.googleapis.com/auth/cloud-platform"]
[debug] [2026-05-26T00:12:05.162Z] > authorizing via signed-in user (aimeesdayatthebeach@gmail.com)
[debug] [2026-05-26T00:12:05.163Z] Checked if tokens are valid: true, expires at: 1779757815245
[debug] [2026-05-26T00:12:05.163Z] Checked if tokens are valid: true, expires at: 1779757815245
[debug] [2026-05-26T00:12:05.164Z] >>> [apiv2][query] GET https://firebase.googleapis.com/v1beta1/projects pageSize=100
[debug] [2026-05-26T00:12:05.720Z] <<< [apiv2][status] GET https://firebase.googleapis.com/v1beta1/projects 200
[debug] [2026-05-26T00:12:05.720Z] <<< [apiv2][body] GET https://firebase.googleapis.com/v1beta1/projects [omitted]
[info] 
=== Hosting Setup
[debug] [2026-05-26T00:12:20.452Z] Checked if tokens are valid: true, expires at: 1779757815245
[debug] [2026-05-26T00:12:20.452Z] Checked if tokens are valid: true, expires at: 1779757815245
[debug] [2026-05-26T00:12:20.452Z] >>> [apiv2][query] GET https://firebase.googleapis.com/v1beta1/projects/homebakes-9df38 [none]
[debug] [2026-05-26T00:12:21.067Z] <<< [apiv2][status] GET https://firebase.googleapis.com/v1beta1/projects/homebakes-9df38 200
[debug] [2026-05-26T00:12:21.067Z] <<< [apiv2][body] GET https://firebase.googleapis.com/v1beta1/projects/homebakes-9df38 {"projectId":"homebakes-9df38","projectNumber":"478858672548","displayName":"HomeBakes","name":"projects/homebakes-9df38","resources":{"hostingSite":"homebakes-9df38"},"state":"ACTIVE","etag":"1_ba019ec8-28a3-4537-84e8-4b534fa1a6dc"}
[info] 
[info] Your public directory is the folder (relative to your project directory) that
[info] will contain Hosting assets to be uploaded with firebase deploy. If you
[info] have a build process for your assets, use your build's output directory.
[info] 
[debug] [2026-05-26T00:17:17.528Z] ExitPromptError: User force closed the prompt with SIGINT
    at Interface.sigint (C:\Users\aimee\AppData\Roaming\npm\node_modules\firebase-tools\node_modules\@inquirer\core\dist\commonjs\lib\create-prompt.js:101:37)
    at Interface.emit (node:events:508:28)
    at [_ttyWrite] [as _ttyWrite] (node:internal/readline/interface:1317:18)
    at ReadStream.onkeypress (node:internal/readline/interface:284:20)
    at ReadStream.emit (node:events:520:35)
    at emitKeys (node:internal/readline/utils:371:14)
    at emitKeys.next (<anonymous>)
    at ReadStream.onData (node:internal/readline/emitKeypressEvents:64:36)
    at ReadStream.emit (node:events:508:28)
    at addChunk (node:internal/streams/readable:559:12)
[error] 
[error] Error: An unexpected error has occurred.
